<?xml version="1.0" encoding="UTF-8"?>
<!-- Generated by org.testng.reporters.JUnitReportReporter -->
<testsuite hostname="LAPTOP-0NBL84CE" failures="0" tests="1" name="MytheresaAutomationChallenge.MytheresaAutomationChallenge.TestCaseTwo.VerifyLoginSuccessfullyTest" time="7.208" errors="0" timestamp="2022-06-16T22:59:11 EET" skipped="0">
  <testcase classname="MytheresaAutomationChallenge.MytheresaAutomationChallenge.TestCaseTwo.VerifyLoginSuccessfullyTest" name="VerifyLoginSuccessfully" time="7.208"/>
  <system-out/>
</testsuite> <!-- MytheresaAutomationChallenge.MytheresaAutomationChallenge.TestCaseTwo.VerifyLoginSuccessfullyTest -->
