<?xml version="1.0" encoding="UTF-8"?>
<!-- Generated by org.testng.reporters.JUnitReportReporter -->
<testsuite hostname="LAPTOP-0NBL84CE" failures="0" tests="1" name="NewTest" time="699.288" errors="0" timestamp="2022-06-13T00:46:55 EET" skipped="0">
  <testcase classname="NewTest" name="f" time="699.288"/>
  <system-out/>
</testsuite> <!-- NewTest -->
